<?xml version="1.0" encoding="UTF-8"?>
<testng-results ignored="0" total="1" passed="1" failed="0" skipped="0">
  <reporter-output>
  </reporter-output>
  <suite started-at="2024-08-02T15:53:48 EDT" name="Default suite" finished-at="2024-08-02T15:54:09 EDT" duration-ms="20051">
    <groups>
    </groups>
    <test started-at="2024-08-02T15:53:48 EDT" name="Default test" finished-at="2024-08-02T15:54:09 EDT" duration-ms="20051">
      <class name="SeleniumPractice.SeleniumPractice.LaunchMultipleBrowsers">
        <test-method signature="startUp()[pri:0, instance:SeleniumPractice.SeleniumPractice.LaunchMultipleBrowsers@1bb5a082]" started-at="2024-08-02T15:53:49 EDT" name="startUp" finished-at="2024-08-02T15:54:08 EDT" duration-ms="19697" status="PASS">
          <reporter-output>
          </reporter-output>
        </test-method> <!-- startUp -->
        <test-method is-config="true" signature="tearDown()[pri:0, instance:SeleniumPractice.SeleniumPractice.LaunchMultipleBrowsers@1bb5a082]" started-at="2024-08-02T15:54:08 EDT" name="tearDown" finished-at="2024-08-02T15:54:09 EDT" duration-ms="274" status="PASS">
          <reporter-output>
          </reporter-output>
        </test-method> <!-- tearDown -->
      </class> <!-- SeleniumPractice.SeleniumPractice.LaunchMultipleBrowsers -->
    </test> <!-- Default test -->
  </suite> <!-- Default suite -->
</testng-results>
