<?xml version="1.0" encoding="UTF-8"?>
<testng-results ignored="0" total="1" passed="1" failed="0" skipped="0">
  <reporter-output>
  </reporter-output>
  <suite started-at="2024-07-30T09:09:05 EDT" name="Default suite" finished-at="2024-07-30T09:09:14 EDT" duration-ms="9611">
    <groups>
    </groups>
    <test started-at="2024-07-30T09:09:05 EDT" name="Default test" finished-at="2024-07-30T09:09:14 EDT" duration-ms="9611">
      <class name="SeleniumPractice.SeleniumPractice.LinksInPageCount">
        <test-method is-config="true" signature="setUp()[pri:0, instance:SeleniumPractice.SeleniumPractice.LinksInPageCount@3590fc5b]" started-at="2024-07-30T09:09:05 EDT" name="setUp" finished-at="2024-07-30T09:09:13 EDT" duration-ms="8513" status="PASS">
          <reporter-output>
          </reporter-output>
        </test-method> <!-- setUp -->
        <test-method signature="countLinks()[pri:0, instance:SeleniumPractice.SeleniumPractice.LinksInPageCount@3590fc5b]" started-at="2024-07-30T09:09:13 EDT" name="countLinks" finished-at="2024-07-30T09:09:14 EDT" duration-ms="540" status="PASS">
          <reporter-output>
          </reporter-output>
        </test-method> <!-- countLinks -->
        <test-method is-config="true" signature="tearDown()[pri:0, instance:SeleniumPractice.SeleniumPractice.LinksInPageCount@3590fc5b]" started-at="2024-07-30T09:09:14 EDT" name="tearDown" finished-at="2024-07-30T09:09:14 EDT" duration-ms="439" status="PASS">
          <reporter-output>
          </reporter-output>
        </test-method> <!-- tearDown -->
      </class> <!-- SeleniumPractice.SeleniumPractice.LinksInPageCount -->
    </test> <!-- Default test -->
  </suite> <!-- Default suite -->
</testng-results>
